Info) VMD for LINUXAMD64, version 1.9.1 (February 1, 2012)
Info) http://www.ks.uiuc.edu/Research/vmd/                         
Info) Email questions and bug reports to vmd@ks.uiuc.edu           
Info) Please include this reference in published work using VMD:   
Info)    Humphrey, W., Dalke, A. and Schulten, K., `VMD - Visual   
Info)    Molecular Dynamics', J. Molec. Graphics 1996, 14.1, 33-38.
Info) -------------------------------------------------------------
Info) Multithreading available, 8 CPUs detected.
Info) Free system memory: 15102MB (94%)
Info) Creating CUDA device pool and initializing hardware...
Info) Detected 1 available CUDA accelerator:
Info) [0] NVS 300             2 SM_1.2 @ 1.23 GHz,  511MB RAM, KTO, OIO, ZCP
Info) Dynamically loaded 2 plugins in directory:
Info) /import/vmd/lib/vmd-191/plugins/LINUXAMD64/molfile
after#0
input/aT41A.pcca1/r_00001
aT41A.pcca1.r_00001.prot
xtc
output/aT41A.pcca1/r_00001/srf.CA_RMSF.std_err/samplebatches
all
Info) Using plugin pdb for structure file input/aT41A.pcca1/r_00001/aT41A.pcca1.r_00001.prot.pdb
Info) Using plugin pdb for coordinates from file input/aT41A.pcca1/r_00001/aT41A.pcca1.r_00001.prot.pdb
Info) Determining bond structure from distance search ...
Info) Finished with coordinate file input/aT41A.pcca1/r_00001/aT41A.pcca1.r_00001.prot.pdb.
Info) Analyzing structure ...
Info)    Atoms: 6242
Info)    Bonds: 6335
Info)    Angles: 0  Dihedrals: 0  Impropers: 0  Cross-terms: 0
Info)    Bondtypes: 0  Angletypes: 0  Dihedraltypes: 0  Impropertypes: 0
Info)    Residues: 387
Info)    Waters: 0
Info)    Segments: 3
Info)    Fragments: 3   Protein: 3   Nucleic: 0
Info) Using plugin xtc for coordinates from file input/aT41A.pcca1/r_00001/aT41A.pcca1.r_00001.prot.xtc
Info) Finished with coordinate file input/aT41A.pcca1/r_00001/aT41A.pcca1.r_00001.prot.xtc.
name CA and not ((chain A and resid 4 to 78) or (chain B and resid 6 to 86) or (chain C and resid 105 to 117))
atomselect0
atomselect1
atomselect2
using RMSFs with atom selection string: "(all) and name CA"
atomselect3
1.9268224239349365 1.5680458545684814 1.0770426988601685 0.913712739944458 1.0367753505706787 1.0127978324890137 0.9217457175254822 0.6573531031608582 0.6939657926559448 0.7907183766365051 0.8191251158714294 1.2978037595748901 1.676914930343628 1.4281100034713745 1.290841817855835 1.0983933210372925 0.9735742807388306 0.6610526442527771 0.7887496948242188 0.7791886925697327 0.858832836151123 0.7218841910362244 0.5296946167945862 0.3275505602359772 1.016147255897522 0.710679292678833 0.6368097066879272 0.5963396430015564 0.7767539024353027 0.7670003771781921 1.0878057479858398 2.0934321880340576 1.6063402891159058 1.8980821371078491 2.000481605529785 1.59612238407135 1.2794405221939087 0.7569539546966553 0.7288251519203186 0.746107280254364 0.4795900583267212 0.29852503538131714 0.5040698647499084 0.9247478246688843 0.9791710376739502 1.0996166467666626 1.3985728025436401 1.458141565322876 1.342234492301941 1.659409999847412 1.530540108680725 1.607734203338623 1.4143823385238647 1.4220354557037354 1.3292237520217896 0.9388681054115295 0.9589274525642395 1.0081405639648438 0.8888800144195557 0.8920966982841492 0.9399200081825256 0.8500604629516602 0.6945078372955322 0.8635514378547668 1.256505012512207 1.0509364604949951 0.9901549816131592 1.067931056022644 1.029641032218933 1.000351071357727 1.037992000579834 1.293077826499939 1.2148385047912598 1.2615901231765747 1.5389100313186646 1.1483899354934692 1.236464023590088 0.9683102965354919 1.011555790901184 0.8869093656539917 0.9382524490356445 0.892871081829071 1.0324443578720093 0.7016007304191589 0.8446770906448364 0.6335711479187012 0.679918646812439 0.5299208164215088 0.6654447317123413 0.8040987253189087 0.8397659659385681 0.7194588780403137 0.6469197273254395 1.7377214431762695 1.8917981386184692 1.6755170822143555 1.0947645902633667 0.5198560953140259 0.6594524383544922 0.6684224605560303 0.5788059830665588 0.6442933082580566 0.4906819462776184 0.3397112488746643 0.6101356744766235 0.644562304019928 0.6673219203948975 0.5216900706291199 0.6079927682876587 0.6690853834152222 0.6120936870574951 0.569102942943573 0.8271589875221252 0.6664964556694031 0.6610923409461975 0.37510955333709717 0.5626034140586853 0.7918164730072021 0.7375404238700867 1.0633214712142944 1.2695610523223877 1.029265284538269 1.080538034439087 0.9073984026908875 0.9884195923805237 2.1121296882629395 1.542385220527649 2.16990327835083 2.808216094970703 1.8981592655181885 1.7118116617202759 0.5613797307014465 0.4025503098964691 0.563089907169342 0.3894736170768738 0.6500382423400879 0.8829792141914368 0.8897091746330261 0.9010383486747742 0.7998247146606445 0.7641620635986328 0.4232040345668793 0.5196657776832581 0.4985874593257904 0.41278213262557983 0.40015292167663574 0.42036980390548706 0.5278333425521851 0.7684062123298645 0.6965548992156982 1.0344890356063843 1.1268401145935059 1.3928914070129395 1.9626665115356445 2.389824390411377 1.3433283567428589 1.0108275413513184 0.7985811233520508 0.688058614730835 0.4964197278022766 0.5311906337738037 0.7393884062767029 0.8833678364753723 1.0039948225021362 1.0664193630218506 1.0537999868392944 0.8687090873718262 1.3838711977005005 1.3241920471191406 1.2437528371810913 0.9917319416999817 0.9553253650665283 0.8507540822029114 0.9104421138763428 0.8485727310180664 0.9561347365379333 1.358295202255249 1.9036165475845337 2.092332124710083 2.783033609390259 2.419750690460205 1.7208374738693237 1.1419520378112793 1.0157725811004639 0.7818795442581177 0.6628831028938293 0.8047077655792236 0.9699643850326538 0.7750163078308105 0.6623308658599854 0.898051917552948 1.0823432207107544 1.333874225616455 1.4444762468338013 1.5918858051300049 1.6570332050323486 1.6094142198562622 1.664138913154602 1.6776864528656006 1.860961675643921 2.2842488288879395 1.732784390449524 1.5787646770477295 1.2751989364624023 0.8525700569152832 1.096954584121704 1.0797839164733887 1.0291252136230469 0.9448114037513733 0.611920177936554 0.7146510481834412 1.0446968078613281 1.2360570430755615 1.346132516860962 1.4919977188110352 1.6622358560562134 1.3601956367492676 1.3072959184646606 1.4844049215316772 1.3034169673919678 1.3586093187332153 1.6691709756851196 1.4590611457824707 1.7374379634857178 1.3068873882293701 1.4267244338989258 1.2597756385803223 1.2044867277145386 1.0449525117874146 1.3328399658203125 1.3386497497558594 1.377972960472107 1.7528564929962158 1.7613736391067505 1.2756729125976563 1.4123002290725708 1.415681004524231 1.2188314199447632 1.605709433555603 1.8527932167053223 2.446828842163086 2.1693625450134277 2.0532281398773193 2.165696620941162 2.0087575912475586 1.7184292078018188 1.4830801486968994 1.447370171546936 1.3653279542922974 1.4314403533935547 1.4712932109832764 1.4337421655654907 1.5562962293624878 1.7535462379455566 1.728308081626892 1.408242106437683 1.2699533700942993 1.465882420539856 1.4584088325500488 1.3940268754959106 1.554918646812439 1.656828761100769 1.538278579711914 2.456921339035034 2.0557758808135986 1.8337608575820923 1.2613829374313354 1.3027911186218262 1.7998173236846924 2.4268405437469482 1.7429289817810059 1.4737719297409058 1.1491445302963257 1.3011387586593628 0.7892847657203674 0.7205007076263428 0.2869624197483063 0.5050217509269714 0.5860801935195923 0.953959047794342 1.1383634805679321 1.0453792810440063 0.8178451657295227 0.9638292789459229 2.1666736602783203 2.3144328594207764 1.3234385251998901 1.3612579107284546 3.416433811187744 2.4467568397521973 1.9660545587539673 1.3045696020126343 1.0666685104370117 0.7878394722938538 0.47034886479377747 0.3668922781944275 0.4241603910923004 0.3754919469356537 0.5717241764068604 0.6924635171890259 0.7453338503837585 0.938639223575592 0.9325352311134338 1.193669319152832 0.8053164482116699 0.6128294467926025 0.48174768686294556 0.5547111630439758 0.6864607334136963 0.5033158659934998 0.5039843916893005 0.6170704364776611 0.5311181545257568 0.5092312097549438 0.5908017754554749 0.7521588802337646 1.3480157852172852 1.2218942642211914 1.3112308979034424 1.0996264219284058 1.0863085985183716 0.9849740266799927 0.8546314835548401 1.0163308382034302 0.6388092041015625 0.30705177783966064 0.4345390498638153 0.588599681854248 0.7142457962036133 0.5983325839042664 0.6414659023284912 0.4223147928714752 0.2958078384399414 0.0881531685590744 0.43401214480400085 0.4397151470184326 0.6685376763343811 0.8227308392524719 1.0972875356674194 1.3917485475540161 1.2564897537231445 1.4628255367279053 2.0235345363616943 1.68321692943573 1.6392258405685425 1.305202603340149 0.917855978012085 0.6410970687866211 0.5692523717880249 0.484256774187088 0.4435179531574249 0.4344825744628906 0.5344233512878418 0.7128055095672607 0.8746121525764465 1.302221417427063 1.3311034440994263 1.5033442974090576 1.7272101640701294 1.7127389907836914 1.2224208116531372 1.0088456869125366 0.46928855776786804 0.5245397686958313 0.5134943723678589 0.6818166971206665 0.8526059985160828 1.2274380922317505 3.433215379714966 3.805015802383423 3.3771748542785645 1.93502676486969 1.862196445465088 1.3236149549484253 1.18950617313385 1.1110296249389648 1.1278921365737915 1.140520691871643 0.9581958651542664 1.0345081090927124 1.1826640367507935 1.2922580242156982 1.4525963068008423 1.6207093000411987 1.8625062704086304 1.4944545030593872 2.039613962173462
file18
Info) VMD for LINUXAMD64, version 1.9.1 (February 1, 2012)
Info) Exiting normally.
ERROR) Error reading Tcl input: bad file number
