Info) VMD for LINUXAMD64, version 1.9.1 (February 1, 2012)
Info) http://www.ks.uiuc.edu/Research/vmd/                         
Info) Email questions and bug reports to vmd@ks.uiuc.edu           
Info) Please include this reference in published work using VMD:   
Info)    Humphrey, W., Dalke, A. and Schulten, K., `VMD - Visual   
Info)    Molecular Dynamics', J. Molec. Graphics 1996, 14.1, 33-38.
Info) -------------------------------------------------------------
Info) Multithreading available, 8 CPUs detected.
Info) Free system memory: 15044MB (93%)
Info) Creating CUDA device pool and initializing hardware...
Warning) thread[0] can't init GPU[0] found by device query
Warning) CUDA error: out of memory
CUDA error: out of memory, CUDAClearDevice.cu line 62
Info) Detected 1 available CUDA accelerator:
Info) [0] NVS 300             2 SM_1.2 @ 1.23 GHz,  511MB RAM, KTO, OIO, ZCP
Info) Dynamically loaded 2 plugins in directory:
Info) /import/vmd/lib/vmd-191/plugins/LINUXAMD64/molfile
after#0
input/WT.pcca2/r_00002
WT.pcca2.r_00002.prot
xtc
output/WT.pcca2/r_00002/srf.CA_RMSF.coarse.std_err.cg_nobb/samplebatches
all
Info) Using plugin pdb for structure file input/WT.pcca2/r_00002/WT.pcca2.r_00002.prot.pdb
Info) Using plugin pdb for coordinates from file input/WT.pcca2/r_00002/WT.pcca2.r_00002.prot.pdb
Info) Determining bond structure from distance search ...
Info) Finished with coordinate file input/WT.pcca2/r_00002/WT.pcca2.r_00002.prot.pdb.
Info) Analyzing structure ...
Info)    Atoms: 6255
Info)    Bonds: 6348
Info)    Angles: 0  Dihedrals: 0  Impropers: 0  Cross-terms: 0
Info)    Bondtypes: 0  Angletypes: 0  Dihedraltypes: 0  Impropertypes: 0
Info)    Residues: 389
Info)    Waters: 0
Warning) Unusual bond between residues:  101 (none) and 102 (protein)
Warning) Unusual bond between residues:  120 (protein) and 121 (none)
Info)    Segments: 3
Info)    Fragments: 3   Protein: 3   Nucleic: 0
Info) Using plugin xtc for coordinates from file input/WT.pcca2/r_00002/WT.pcca2.r_00002.prot.xtc
Info) Finished with coordinate file input/WT.pcca2/r_00002/WT.pcca2.r_00002.prot.xtc.
name CA and not ((chain A and resid 4 to 78) or (chain B and resid 6 to 86) or (chain C and resid 105 to 117))
atomselect0
atomselect1
atomselect2
using RMSFs with atom selection string: "(all) and name CA"
atomselect3
1.59243643283844 1.3963148593902588 1.0426421165466309 0.9706889986991882 0.8813417553901672 0.8446635603904724 0.6177733540534973 0.6402086615562439 0.7076892852783203 1.0285993814468384 1.0076786279678345 1.211828589439392 1.4238755702972412 1.1486881971359253 0.9049137234687805 0.9534897208213806 0.7609108090400696 0.5001108050346375 0.48802027106285095 0.6519849896430969 0.6631640791893005 0.5397131443023682 0.8157347440719604 0.9853955507278442 0.9936174154281616 0.8040797114372253 0.8129934668540955 0.7065157890319824 0.8108939528465271 0.7243075370788574 0.7634876370429993 0.8399451375007629 0.9445802569389343 1.2644157409667969 1.2640931606292725 1.247255802154541 1.0928696393966675 0.9938346147537231 1.044892430305481 1.023199200630188 0.545941948890686 0.8253532648086548 0.7317551374435425 0.842398464679718 1.0918794870376587 1.0425039529800415 1.3567570447921753 1.6949180364608765 1.6627215147018433 1.587122917175293 1.4581667184829712 1.5107715129852295 1.1037517786026 0.45421168208122253 0.7805732488632202 0.8547893762588501 0.7506132125854492 0.494778573513031 0.7786226868629456 0.944114089012146 0.7472317218780518 1.0427604913711548 1.205544114112854 1.2579796314239502 1.5038666725158691 1.1944979429244995 1.131339192390442 1.405103325843811 1.4096415042877197 1.2026317119598389 1.262084722518921 1.463518738746643 1.353177785873413 1.4070357084274292 1.6511410474777222 1.556764841079712 1.642738938331604 1.5669795274734497 1.1706792116165161 1.2508243322372437 1.5236953496932983 1.4353992938995361 1.2770599126815796 1.1070406436920166 1.1313984394073486 0.8644156455993652 0.8984386324882507 0.7469357252120972 0.7708158493041992 0.7301762700080872 0.5899927616119385 0.6568096876144409 1.3125219345092773 1.367199182510376 0.9809457659721375 1.0045077800750732 1.1171399354934692 1.1331603527069092 0.7410234808921814 0.5005046725273132 0.5523163080215454 0.6566144824028015 0.6924325227737427 0.5840628743171692 1.0981767177581787 0.9095410704612732 1.055885672569275 1.1346701383590698 1.0369246006011963 1.0724561214447021 1.0223692655563354 0.8616693019866943 0.6792895197868347 0.5696384906768799 0.5169807076454163 0.8156337738037109 0.9410984516143799 0.6973416209220886 1.0510125160217285 0.7978076934814453 1.2260799407958984 1.1998035907745361 1.1461604833602905 0.9098940491676331 0.9566667675971985 0.8199185729026794 1.107627272605896 3.1319949626922607 2.785043478012085 1.9542008638381958 1.7119141817092896 0.9386703372001648 0.6096894145011902 0.7177335619926453 0.7990078330039978 0.6999543309211731 0.8785661458969116 0.9544327259063721 1.0003663301467896 0.6973937749862671 0.901137113571167 0.7744973301887512 0.9090545773506165 0.6638426184654236 0.7544903755187988 0.5864543914794922 0.5039299726486206 0.5787317752838135 0.5048884153366089 0.7113201022148132 1.0724841356277466 1.2704826593399048 1.2228950262069702 0.8726897239685059 1.2255804538726807 0.8350744247436523 1.0190061330795288 0.811556339263916 1.0666916370391846 0.8018133640289307 0.9786840677261353 0.9102193713188171 0.7471221685409546 1.0800236463546753 1.3888616561889648 1.9674609899520874 1.528044581413269 1.431096076965332 1.2438058853149414 1.2910765409469604 1.3200870752334595 1.1460164785385132 1.0853121280670166 1.1867014169692993 1.14035964012146 1.197821855545044 1.2865478992462158 1.584902286529541 2.475947380065918 4.983238697052002 8.153032302856445 1.1590362787246704 1.210471272468567 1.506820797920227 1.4269450902938843 1.1850324869155884 0.8965884447097778 0.7828183770179749 0.7699978351593018 0.7562772631645203 1.082215666770935 1.070091962814331 1.0641828775405884 1.3690811395645142 1.394627332687378 1.826860785484314 2.3224661350250244 2.713819980621338 3.5421488285064697 3.3465306758880615 1.9321889877319336 1.488006591796875 1.2281726598739624 1.227417230606079 1.1371479034423828 1.0450928211212158 0.9644771218299866 0.7395550608634949 0.8841561675071716 0.8998902440071106 0.9113591313362122 1.0076102018356323 1.0470120906829834 0.9061376452445984 1.1606405973434448 1.0653440952301025 0.9607512354850769 1.145415186882019 1.3252925872802734 1.5770701169967651 1.753731608390808 1.6019728183746338 1.7053512334823608 1.5180094242095947 1.3813583850860596 1.2461642026901245 1.1631218194961548 1.3075764179229736 1.5093227624893188 1.2796381711959839 1.141570806503296 1.147071361541748 1.0962151288986206 1.556207299232483 1.2590692043304443 1.4372310638427734 1.7038367986679077 1.53242027759552 1.339085578918457 1.6313201189041138 1.8743321895599365 1.6101500988006592 1.6844534873962402 1.7752487659454346 1.8519649505615234 1.9319944381713867 2.000697374343872 2.0418851375579834 2.0167946815490723 2.118800163269043 2.033254861831665 2.065641403198242 2.408477544784546 2.3405115604400635 2.1422414779663086 1.5039232969284058 1.7942101955413818 2.081515312194824 2.0232622623443604 2.0077404975891113 2.065486192703247 2.0622315406799316 2.1458580493927 2.031404972076416 2.3080430030822754 2.113071918487549 1.4545611143112183 1.383233904838562 1.6978116035461426 1.94092857837677 1.2087407112121582 0.806522786617279 0.9459279179573059 0.7779127359390259 0.8011267781257629 0.8856403231620789 0.7356072664260864 0.5342309474945068 0.48152583837509155 0.6449697017669678 0.6871421337127686 1.08751380443573 1.3630973100662231 1.7450261116027832 1.5659804344177246 1.589444875717163 1.83836829662323 1.571631908416748 1.0027124881744385 0.9249720573425293 1.016287088394165 0.985500693321228 0.9592145085334778 1.0213063955307007 0.8921699523925781 0.7921933531761169 0.5993992686271667 0.5753300786018372 0.6201791763305664 0.7014261484146118 0.8020221590995789 0.8468586802482605 0.7603870034217834 1.0242048501968384 1.0648812055587769 0.9676483869552612 0.8146958947181702 0.8642212152481079 1.004397988319397 1.1322656869888306 1.1299948692321777 1.119030475616455 1.4332664012908936 1.4823226928710938 1.7703675031661987 1.7449300289154053 1.2980438470840454 1.7031248807907104 1.3222233057022095 1.3065770864486694 1.03962242603302 0.976961076259613 1.1617320775985718 1.4334440231323242 1.0734480619430542 1.1556740999221802 1.0910804271697998 0.8068075180053711 0.7040290236473083 0.6783360838890076 0.6315323114395142 0.7498188018798828 0.7405530214309692 0.7135981917381287 0.8874229788780212 0.8850842118263245 0.8937374353408813 1.3009518384933472 1.2382161617279053 1.095231056213379 1.1234521865844727 1.4865769147872925 2.028701066970825 2.049014091491699 1.6713013648986816 1.1257917881011963 0.9994186162948608 0.7951803207397461 0.764222264289856 0.7662137746810913 0.7811042070388794 0.7954142689704895 0.8111782073974609 1.08005690574646 1.1869949102401733 1.2405909299850464 1.194122552871704 1.3713732957839966 1.9744629859924316 1.4128423929214478 1.076438307762146 0.827205240726471 0.6779618263244629 0.6781356334686279 0.6704428791999817 0.7054508328437805 0.7097388505935669 0.7078304290771484 2.8160064220428467 3.3886654376983643 4.017311096191406 2.4057068824768066 1.8652517795562744 1.307175636291504 1.1199216842651367 0.8580859303474426 0.9562655091285706 0.5922065377235413 1.1289252042770386 1.3722035884857178 1.6023401021957397 1.8451577425003052 3.3529841899871826 2.8661246299743652 1.10819673538208 3.513421058654785 5.423346519470215
file10
Info) VMD for LINUXAMD64, version 1.9.1 (February 1, 2012)
Info) Exiting normally.
ERROR) Error reading Tcl input: bad file number
